<?xml version="1.0" encoding="UTF-8"?>
<!-- Generated by org.testng.reporters.JUnitReportReporter -->
<testsuite skipped="0" hostname="udkd-PC" name="com.trg.testScripts.LoginPageTest" tests="2" failures="0" timestamp="2020-05-25T09:54:26 IST" time="8.472" errors="0">
  <testcase name="testLogin" time="1.479" classname="com.trg.testScripts.LoginPageTest"/>
  <system-out/>
  <testcase name="testLogin" time="6.993" classname="com.trg.testScripts.LoginPageTest"/>
  <system-out/>
</testsuite> <!-- com.trg.testScripts.LoginPageTest -->
